LOG: Reading file list: 3p0TreeTest.list
LOG: Reading Cut File: 3p0cutSetAcc2_1.1.0InvM.txt
CONFIG: Config file load successful
CONFIG: start load cuts...
CONFIG: end with empty char ""
Cut: SideBand2 0.42~0.48
Cut: SideBand 0.52~0.58
Cut: NSigmaPi -3~3
Cut: DecayLength 0~1e+07
Cut: KS0DCA -1e+07~1e+07
Cut: Mass2Pip -0.1~0.15
Cut: Mass 0.4911~0.5051
Cut: NHitsDedx 25~1e+07
Cut: Chi2PrimPim 10~1e+07
Cut: Rap -1~0
Cut: Chi2PrimPip 10~1e+07
Cut: Pt 0.2~1.8
Cut: Mass2Pim -0.1~0.15
Cut: Chi2Topo 0~5
Cut: NHitsB 15~1e+07
Cut: DCAA 0.6~1e+07
Cut: Chi2NDF 0~5
Cut: NHitsA 15~1e+07
Cut: DCAB 0.6~1e+07
Switch: Open3DCF 0
Switch: OpenPairPurity 1
Switch: OpenNSigmaShift 1
Switch: OpenCF 1
THS: NHitsDedx ths: 0 pattern: 0
THS: Mass2Pim ths: 0 pattern: 0
THS: Mass2Pip ths: 1 pattern: 1
SET: Energy 3.0
SET: NSigmaMass 2
SET: PurityPath /star/u/lazhang/data01/CF/K0CF_submit/3p0cutSetRotAcc2_1.1.0/Purity.root
LOG: Reading file: /gpfs/mnt/gpfs01/star/pwg/lazhang/CF/correlation_test/out/4B686C24C5B89423B141586D41BF3A53_10405_ana.root
LOG: nEvent: 36244
LOG: ievent: 0
LOG: ievent: 10000
LOG: ievent: 20000
LOG: ievent: 30000
LOG: Reading file: /gpfs/mnt/gpfs01/star/pwg/lazhang/CF/correlation_test/out/4B686C24C5B89423B141586D41BF3A53_10406_ana.root
LOG: nEvent: 36212
LOG: ievent: 0
LOG: ievent: 10000
LOG: ievent: 20000
LOG: ievent: 30000
LOG: Reading file: /gpfs/mnt/gpfs01/star/pwg/lazhang/CF/correlation_test/out/4B686C24C5B89423B141586D41BF3A53_10407_ana.root
LOG: nEvent: 36266
LOG: ievent: 0
LOG: ievent: 10000
LOG: ievent: 20000
LOG: ievent: 30000
LOG: Reading file: /gpfs/mnt/gpfs01/star/pwg/lazhang/CF/correlation_test/out/4B686C24C5B89423B141586D41BF3A53_10408_ana.root
LOG: nEvent: 37074
LOG: ievent: 0
LOG: ievent: 10000
LOG: ievent: 20000
LOG: ievent: 30000
LOG: Reading file: /gpfs/mnt/gpfs01/star/pwg/lazhang/CF/correlation_test/out/4B686C24C5B89423B141586D41BF3A53_10409_ana.root
LOG: nEvent: 37213
LOG: ievent: 0
LOG: ievent: 10000
LOG: ievent: 20000
LOG: ievent: 30000
LOG: Reading file: /gpfs/mnt/gpfs01/star/pwg/lazhang/CF/correlation_test/out/4B686C24C5B89423B141586D41BF3A53_1040_ana.root
LOG: nEvent: 16590
LOG: ievent: 0
LOG: ievent: 10000
LOG: Reading file: /gpfs/mnt/gpfs01/star/pwg/lazhang/CF/correlation_test/out/4B686C24C5B89423B141586D41BF3A53_10410_ana.root
LOG: nEvent: 11489
LOG: ievent: 0
LOG: ievent: 10000
LOG: Reading file: /gpfs/mnt/gpfs01/star/pwg/lazhang/CF/correlation_test/out/4B686C24C5B89423B141586D41BF3A53_10411_ana.root
LOG: nEvent: 7406
LOG: ievent: 0
LOG: Reading file: /gpfs/mnt/gpfs01/star/pwg/lazhang/CF/correlation_test/out/4B686C24C5B89423B141586D41BF3A53_10412_ana.root
LOG: nEvent: 36014
LOG: ievent: 0
LOG: ievent: 10000
LOG: ievent: 20000
LOG: ievent: 30000
LOG: Reading file: /gpfs/mnt/gpfs01/star/pwg/lazhang/CF/correlation_test/out/4B686C24C5B89423B141586D41BF3A53_10413_ana.root
LOG: nEvent: 35691
LOG: ievent: 0
LOG: ievent: 10000
LOG: ievent: 20000
LOG: ievent: 30000
LOG: Reading file: /gpfs/mnt/gpfs01/star/pwg/lazhang/CF/correlation_test/out/4B686C24C5B89423B141586D41BF3A53_10414_ana.root
LOG: nEvent: 36441
LOG: ievent: 0
LOG: ievent: 10000
LOG: ievent: 20000
LOG: ievent: 30000
LOG: Reading file: /gpfs/mnt/gpfs01/star/pwg/lazhang/CF/correlation_test/out/4B686C24C5B89423B141586D41BF3A53_10415_ana.root
LOG: nEvent: 36590
LOG: ievent: 0
LOG: ievent: 10000
LOG: ievent: 20000
LOG: ievent: 30000
LOG: Reading file: /gpfs/mnt/gpfs01/star/pwg/lazhang/CF/correlation_test/out/4B686C24C5B89423B141586D41BF3A53_10416_ana.root
LOG: nEvent: 36222
LOG: ievent: 0
LOG: ievent: 10000
LOG: ievent: 20000
LOG: ievent: 30000
LOG: Reading file: /gpfs/mnt/gpfs01/star/pwg/lazhang/CF/correlation_test/out/4B686C24C5B89423B141586D41BF3A53_10417_ana.root
LOG: nEvent: 36354
LOG: ievent: 0
LOG: ievent: 10000
LOG: ievent: 20000
LOG: ievent: 30000
LOG: Reading file: /gpfs/mnt/gpfs01/star/pwg/lazhang/CF/correlation_test/out/4B686C24C5B89423B141586D41BF3A53_10418_ana.root
LOG: nEvent: 36603
LOG: ievent: 0
LOG: ievent: 10000
LOG: ievent: 20000
LOG: ievent: 30000
LOG: Reading file: /gpfs/mnt/gpfs01/star/pwg/lazhang/CF/correlation_test/out/4B686C24C5B89423B141586D41BF3A53_10419_ana.root
LOG: nEvent: 36735
LOG: ievent: 0
LOG: ievent: 10000
LOG: ievent: 20000
LOG: ievent: 30000
LOG: Reading file: /gpfs/mnt/gpfs01/star/pwg/lazhang/CF/correlation_test/out/4B686C24C5B89423B141586D41BF3A53_1041_ana.root
LOG: nEvent: 37448
LOG: ievent: 0
LOG: ievent: 10000
LOG: ievent: 20000
LOG: ievent: 30000
LOG: Reading file: /gpfs/mnt/gpfs01/star/pwg/lazhang/CF/correlation_test/out/4B686C24C5B89423B141586D41BF3A53_10420_ana.root
LOG: nEvent: 30344
LOG: ievent: 0
LOG: ievent: 10000
LOG: ievent: 20000
LOG: ievent: 30000
LOG: Reading file: /gpfs/mnt/gpfs01/star/pwg/lazhang/CF/correlation_test/out/4B686C24C5B89423B141586D41BF3A53_10421_ana.root
LOG: nEvent: 15466
LOG: ievent: 0
LOG: ievent: 10000
LOG: Reading file: /gpfs/mnt/gpfs01/star/pwg/lazhang/CF/correlation_test/out/4B686C24C5B89423B141586D41BF3A53_10422_ana.root
LOG: nEvent: 9598
LOG: ievent: 0
LOG: Reading file: /gpfs/mnt/gpfs01/star/pwg/lazhang/CF/correlation_test/out/4B686C24C5B89423B141586D41BF3A53_10423_ana.root
LOG: nEvent: 35808
LOG: ievent: 0
LOG: ievent: 10000
LOG: ievent: 20000
LOG: ievent: 30000
LOG: Reading file: /gpfs/mnt/gpfs01/star/pwg/lazhang/CF/correlation_test/out/4B686C24C5B89423B141586D41BF3A53_10424_ana.root
LOG: nEvent: 35887
LOG: ievent: 0
LOG: ievent: 10000
LOG: ievent: 20000
LOG: ievent: 30000
LOG: Reading file: /gpfs/mnt/gpfs01/star/pwg/lazhang/CF/correlation_test/out/4B686C24C5B89423B141586D41BF3A53_10425_ana.root
LOG: nEvent: 36708
LOG: ievent: 0
LOG: ievent: 10000
LOG: ievent: 20000
LOG: ievent: 30000
LOG: Reading file: /gpfs/mnt/gpfs01/star/pwg/lazhang/CF/correlation_test/out/4B686C24C5B89423B141586D41BF3A53_10426_ana.root
LOG: nEvent: 36378
LOG: ievent: 0
LOG: ievent: 10000
LOG: ievent: 20000
LOG: ievent: 30000
LOG: Reading file: /gpfs/mnt/gpfs01/star/pwg/lazhang/CF/correlation_test/out/4B686C24C5B89423B141586D41BF3A53_10427_ana.root
LOG: nEvent: 36207
LOG: ievent: 0
LOG: ievent: 10000
LOG: ievent: 20000
LOG: ievent: 30000
LOG: Reading file: /gpfs/mnt/gpfs01/star/pwg/lazhang/CF/correlation_test/out/4B686C24C5B89423B141586D41BF3A53_10428_ana.root
LOG: nEvent: 36202
LOG: ievent: 0
LOG: ievent: 10000
LOG: ievent: 20000
LOG: ievent: 30000
LOG: Reading file: /gpfs/mnt/gpfs01/star/pwg/lazhang/CF/correlation_test/out/4B686C24C5B89423B141586D41BF3A53_10429_ana.root
LOG: nEvent: 36432
LOG: ievent: 0
LOG: ievent: 10000
LOG: ievent: 20000
LOG: ievent: 30000
LOG: Reading file: /gpfs/mnt/gpfs01/star/pwg/lazhang/CF/correlation_test/out/4B686C24C5B89423B141586D41BF3A53_1042_ana.root
LOG: nEvent: 4631
LOG: ievent: 0
LOG: Reading file: /gpfs/mnt/gpfs01/star/pwg/lazhang/CF/correlation_test/out/4B686C24C5B89423B141586D41BF3A53_10430_ana.root
LOG: nEvent: 36844
LOG: ievent: 0
LOG: ievent: 10000
LOG: ievent: 20000
LOG: ievent: 30000
LOG: Reading file: /gpfs/mnt/gpfs01/star/pwg/lazhang/CF/correlation_test/out/4B686C24C5B89423B141586D41BF3A53_10431_ana.root
LOG: nEvent: 36404
LOG: ievent: 0
LOG: ievent: 10000
LOG: ievent: 20000
LOG: ievent: 30000
LOG: Reading file: /gpfs/mnt/gpfs01/star/pwg/lazhang/CF/correlation_test/out/4B686C24C5B89423B141586D41BF3A53_10432_ana.root
LOG: nEvent: 19288
LOG: ievent: 0
LOG: ievent: 10000
LOG: Reading file: /gpfs/mnt/gpfs01/star/pwg/lazhang/CF/correlation_test/out/4B686C24C5B89423B141586D41BF3A53_10433_ana.root
LOG: nEvent: 35931
LOG: ievent: 0
LOG: ievent: 10000
LOG: ievent: 20000
LOG: ievent: 30000
LOG: Reading file: /gpfs/mnt/gpfs01/star/pwg/lazhang/CF/correlation_test/out/4B686C24C5B89423B141586D41BF3A53_10434_ana.root
LOG: nEvent: 36264
LOG: ievent: 0
LOG: ievent: 10000
LOG: ievent: 20000
LOG: ievent: 30000
LOG: Reading file: /gpfs/mnt/gpfs01/star/pwg/lazhang/CF/correlation_test/out/4B686C24C5B89423B141586D41BF3A53_10435_ana.root
LOG: nEvent: 36383
LOG: ievent: 0
LOG: ievent: 10000
LOG: ievent: 20000
LOG: ievent: 30000
LOG: Reading file: /gpfs/mnt/gpfs01/star/pwg/lazhang/CF/correlation_test/out/4B686C24C5B89423B141586D41BF3A53_10436_ana.root
LOG: nEvent: 36639
LOG: ievent: 0
LOG: ievent: 10000
LOG: ievent: 20000
LOG: ievent: 30000
LOG: Reading file: /gpfs/mnt/gpfs01/star/pwg/lazhang/CF/correlation_test/out/4B686C24C5B89423B141586D41BF3A53_10437_ana.root
LOG: nEvent: 30783
LOG: ievent: 0
LOG: ievent: 10000
LOG: ievent: 20000
LOG: ievent: 30000
LOG: Reading file: /gpfs/mnt/gpfs01/star/pwg/lazhang/CF/correlation_test/out/4B686C24C5B89423B141586D41BF3A53_10438_ana.root
LOG: nEvent: 31011
LOG: ievent: 0
LOG: ievent: 10000
LOG: ievent: 20000
LOG: ievent: 30000
LOG: Reading file: /gpfs/mnt/gpfs01/star/pwg/lazhang/CF/correlation_test/out/4B686C24C5B89423B141586D41BF3A53_10439_ana.root
LOG: nEvent: 2560
LOG: ievent: 0
LOG: Reading file: /gpfs/mnt/gpfs01/star/pwg/lazhang/CF/correlation_test/out/4B686C24C5B89423B141586D41BF3A53_1043_ana.root
LOG: nEvent: 34346
LOG: ievent: 0
LOG: ievent: 10000
LOG: ievent: 20000
LOG: ievent: 30000
LOG: Reading file: /gpfs/mnt/gpfs01/star/pwg/lazhang/CF/correlation_test/out/4B686C24C5B89423B141586D41BF3A53_10440_ana.root
LOG: nEvent: 218
LOG: ievent: 0
LOG: Reading file: /gpfs/mnt/gpfs01/star/pwg/lazhang/CF/correlation_test/out/4B686C24C5B89423B141586D41BF3A53_10441_ana.root
LOG: nEvent: 2563
LOG: ievent: 0
LOG: Reading file: /gpfs/mnt/gpfs01/star/pwg/lazhang/CF/correlation_test/out/4B686C24C5B89423B141586D41BF3A53_10442_ana.root
LOG: nEvent: 292
LOG: ievent: 0
LOG: Reading file: /gpfs/mnt/gpfs01/star/pwg/lazhang/CF/correlation_test/out/4B686C24C5B89423B141586D41BF3A53_10443_ana.root
LOG: nEvent: 2589
LOG: ievent: 0
LOG: Reading file: /gpfs/mnt/gpfs01/star/pwg/lazhang/CF/correlation_test/out/4B686C24C5B89423B141586D41BF3A53_10444_ana.root
LOG: nEvent: 385
LOG: ievent: 0
LOG: Reading file: /gpfs/mnt/gpfs01/star/pwg/lazhang/CF/correlation_test/out/4B686C24C5B89423B141586D41BF3A53_10445_ana.root
LOG: nEvent: 2566
LOG: ievent: 0
LOG: Reading file: /gpfs/mnt/gpfs01/star/pwg/lazhang/CF/correlation_test/out/4B686C24C5B89423B141586D41BF3A53_10446_ana.root
LOG: nEvent: 1064
LOG: ievent: 0
LOG: Reading file: /gpfs/mnt/gpfs01/star/pwg/lazhang/CF/correlation_test/out/4B686C24C5B89423B141586D41BF3A53_10447_ana.root
LOG: nEvent: 2565
LOG: ievent: 0
LOG: Reading file: /gpfs/mnt/gpfs01/star/pwg/lazhang/CF/correlation_test/out/4B686C24C5B89423B141586D41BF3A53_10448_ana.root
LOG: nEvent: 1054
LOG: ievent: 0
LOG: Reading file: /gpfs/mnt/gpfs01/star/pwg/lazhang/CF/correlation_test/out/4B686C24C5B89423B141586D41BF3A53_10449_ana.root
LOG: nEvent: 2546
LOG: ievent: 0
LOG: Reading file: /gpfs/mnt/gpfs01/star/pwg/lazhang/CF/correlation_test/out/4B686C24C5B89423B141586D41BF3A53_1044_ana.root
LOG: nEvent: 9882
LOG: ievent: 0
processing time: 533
